1.707221
0.005492124
0.04515262
0.08239783
0.17639521
0.2292839
0.3102426
0.46411785
0.45264298
0.6103172
0.42063984
0.59358054
0.53131276
0.4407814
0.46111354
0.73877776
0.6335696
0.54755616
0.6461305
0.68631357
0.6813321
0.6115618
0.73318493
0.8047366
0.76953006
1.0613537
0.7017652
0.75703454
0.6557236
0.60970736
0.7222746
0.7733406
0.554947
0.7644247
0.67032325
0.66560996
0.91475433
0.66281796
0.6134765
0.85448194
0.7497617
0.7723831
0.7326876
0.65543824
0.6727044
0.72771
0.68771315
0.7251073
0.6000069
0.5739005
0.7121169
0.7631446
0.6871439
0.64260757
0.5093196
0.5263883
0.68379253
0.61101615
0.57514197
0.55369496
0.49729404
0.6167884
0.5576969
0.69027185
0.5525776
0.43328452
0.5533431
0.7143296
0.40747425
0.49898848
0.5326654
0.6042912
0.6825788
0.5145267
0.5482917
0.5367287
0.6876286
0.44569087
0.62852037
0.4630069
0.47969642
0.527921
0.48385614
0.65142536
0.530846
0.45815057
0.59514785
0.5211023
0.5361732
0.6269745
0.4443482
0.4787295
0.5173738
0.5198416
0.45030072
0.64792174
0.4775796
0.5831712
0.40508434
0.56789386
