1.6263188
6.632409
5.081677
6.0432234
6.0085025
5.708128
4.253003
4.1564455
3.5515952
3.5394573
3.5959027
2.8948007
2.9279053
2.7260363
2.7554288
2.3530502
2.2915668
2.6227298
2.5953865
2.5867052
2.6549878
2.3127563
2.2762263
2.2058382
2.4178014
2.0629482
2.4263823
2.0790153
2.0358806
2.4670272
2.216621
1.865835
2.1491182
2.1826496
2.5693393
1.8297751
2.227677
2.094283
2.2639942
2.0450714
2.4798858
2.4460993
2.4579272
2.3619924
2.0264006
2.053166
2.1797938
2.4498978
2.2238321
2.5136971
2.2229848
1.9844773
2.1689186
1.876231
2.3370824
2.5608482
2.5784357
2.42655
2.347354
2.4972215
2.2862449
2.399824
2.51715
2.1072342
2.3272786
2.2284997
2.2091143
2.3204226
2.5381677
2.6966405
2.260748
2.3583176
2.2869952
2.470141
2.4062905
2.2989159
2.3935688
2.3843226
2.4521253
2.5341353
2.4627519
2.6013603
2.5838385
2.6047478
2.88282
2.5833323
2.5282001
2.3156133
2.6270864
2.626798
2.7078705
2.6371775
2.589119
2.6355338
2.5924923
2.5838702
2.709883
2.287184
2.4885025
2.784444
